-------------------------------------------------------------------------------
Test set: com.client.ClientApplicationTests
-------------------------------------------------------------------------------
Tests run: 2, Failures: 0, Errors: 2, Skipped: 0, Time elapsed: 4.703 s <<< FAILURE! - in com.client.ClientApplicationTests
addScreens  Time elapsed: 0.002 s  <<< ERROR!
java.lang.IllegalStateException: Failed to load ApplicationContext
Caused by: org.springframework.beans.factory.BeanCreationException: Error creating bean with name 'stageController' defined in file [D:\FrontEndLast\Ceng453-TermProject-Group-4-frontend\target\classes\com\client\controller\StageController.class]: Bean instantiation via constructor failed; nested exception is org.springframework.beans.BeanInstantiationException: Failed to instantiate [com.client.controller.StageController]: Constructor threw exception; nested exception is java.lang.ExceptionInInitializerError
Caused by: org.springframework.beans.BeanInstantiationException: Failed to instantiate [com.client.controller.StageController]: Constructor threw exception; nested exception is java.lang.ExceptionInInitializerError
Caused by: java.lang.ExceptionInInitializerError
Caused by: java.lang.IllegalStateException: Toolkit not initialized

loginScreen  Time elapsed: 0.001 s  <<< ERROR!
java.lang.IllegalStateException: Failed to load ApplicationContext
Caused by: org.springframework.beans.factory.BeanCreationException: Error creating bean with name 'stageController' defined in file [D:\FrontEndLast\Ceng453-TermProject-Group-4-frontend\target\classes\com\client\controller\StageController.class]: Bean instantiation via constructor failed; nested exception is org.springframework.beans.BeanInstantiationException: Failed to instantiate [com.client.controller.StageController]: Constructor threw exception; nested exception is java.lang.NoClassDefFoundError: Could not initialize class javafx.scene.control.Button
Caused by: org.springframework.beans.BeanInstantiationException: Failed to instantiate [com.client.controller.StageController]: Constructor threw exception; nested exception is java.lang.NoClassDefFoundError: Could not initialize class javafx.scene.control.Button
Caused by: java.lang.NoClassDefFoundError: Could not initialize class javafx.scene.control.Button

